[debug] [2020-09-20T01:45:22.542Z] ----------------------------------------------------------------------
[debug] [2020-09-20T01:45:22.545Z] Command:       C:\Program Files\nodejs\node.exe C:\Users\isyra\AppData\Roaming\npm\node_modules\firebase-tools\lib\bin\firebase.js serve
[debug] [2020-09-20T01:45:22.546Z] CLI Version:   8.10.0
[debug] [2020-09-20T01:45:22.546Z] Platform:      win32
[debug] [2020-09-20T01:45:22.546Z] Node Version:  v14.9.0
[debug] [2020-09-20T01:45:22.547Z] Time:          Sat Sep 19 2020 21:45:22 GMT-0400 (Eastern Daylight Time)
[debug] [2020-09-20T01:45:22.548Z] ----------------------------------------------------------------------
[debug] [2020-09-20T01:45:22.548Z] 
[debug] [2020-09-20T01:45:22.561Z] > command requires scopes: ["email","openid","https://www.googleapis.com/auth/cloudplatformprojects.readonly","https://www.googleapis.com/auth/firebase","https://www.googleapis.com/auth/cloud-platform"]
[debug] [2020-09-20T01:45:22.562Z] > authorizing via signed-in user
[debug] [2020-09-20T01:45:22.562Z] [iam] checking project whatsapp-backend-5899d for permissions ["firebase.projects.get"]
[debug] [2020-09-20T01:45:22.567Z] >>> HTTP REQUEST POST https://cloudresourcemanager.googleapis.com/v1/projects/whatsapp-backend-5899d:testIamPermissions  
 {"permissions":["firebase.projects.get"]}
[debug] [2020-09-20T01:45:22.843Z] <<< HTTP RESPONSE 200 {"content-type":"application/json; charset=UTF-8","vary":"X-Origin, Referer, Origin,Accept-Encoding","date":"Sun, 20 Sep 2020 01:45:22 GMT","server":"ESF","cache-control":"private","x-xss-protection":"0","x-frame-options":"SAMEORIGIN","x-content-type-options":"nosniff","server-timing":"gfet4t7; dur=44","alt-svc":"h3-Q050=\":443\"; ma=2592000,h3-29=\":443\"; ma=2592000,h3-27=\":443\"; ma=2592000,h3-T051=\":443\"; ma=2592000,h3-T050=\":443\"; ma=2592000,h3-Q046=\":443\"; ma=2592000,h3-Q043=\":443\"; ma=2592000,quic=\":443\"; ma=2592000; v=\"46,43\"","accept-ranges":"none","transfer-encoding":"chunked"}
[debug] [2020-09-20T01:45:22.845Z] >>> HTTP REQUEST GET https://firebase.googleapis.com/v1beta1/projects/whatsapp-backend-5899d  
 
[debug] [2020-09-20T01:45:23.188Z] <<< HTTP RESPONSE 200 {"content-type":"application/json; charset=UTF-8","vary":"X-Origin, Referer, Origin,Accept-Encoding","date":"Sun, 20 Sep 2020 01:45:23 GMT","server":"ESF","cache-control":"private","x-xss-protection":"0","x-frame-options":"SAMEORIGIN","x-content-type-options":"nosniff","alt-svc":"h3-Q050=\":443\"; ma=2592000,h3-29=\":443\"; ma=2592000,h3-27=\":443\"; ma=2592000,h3-T051=\":443\"; ma=2592000,h3-T050=\":443\"; ma=2592000,h3-Q046=\":443\"; ma=2592000,h3-Q043=\":443\"; ma=2592000,quic=\":443\"; ma=2592000; v=\"46,43\"","accept-ranges":"none","transfer-encoding":"chunked"}
[info] 
[info] === Serving from 'C:\Users\isyra\Documents\react\whatsapp\whatsapp-backend'...
[info] 
[warn] !  Your requested "node" version "10" doesn't match your global version "14" {"metadata":{"emulator":{"name":"functions"},"message":"Your requested \"node\" version \"10\" doesn't match your global version \"14\""}}
[debug] [2020-09-20T01:45:23.215Z] defaultcredentials: writing to file C:\Users\isyra\AppData\Roaming\firebase\isyrafimrani_gmail_com_application_default_credentials.json
[debug] [2020-09-20T01:45:23.216Z] Setting GAC to C:\Users\isyra\AppData\Roaming\firebase\isyrafimrani_gmail_com_application_default_credentials.json {"metadata":{"emulator":{"name":"functions"},"message":"Setting GAC to C:\\Users\\isyra\\AppData\\Roaming\\firebase\\isyrafimrani_gmail_com_application_default_credentials.json"}}
[info] i  functions: Watching "C:\Users\isyra\Documents\react\whatsapp\whatsapp-backend\functions" for Cloud Functions... {"metadata":{"emulator":{"name":"functions"},"message":"Watching \"C:\\Users\\isyra\\Documents\\react\\whatsapp\\whatsapp-backend\\functions\" for Cloud Functions..."}}
[debug] [2020-09-20T01:45:23.247Z] [worker-pool] addWorker(~diagnostic~) {"metadata":{"emulator":{"name":"functions"},"message":"[worker-pool] addWorker(~diagnostic~)"}}
[debug] [2020-09-20T01:45:23.247Z] [worker-pool] Adding worker with key ~diagnostic~, total=1 {"metadata":{"emulator":{"name":"functions"},"message":"[worker-pool] Adding worker with key ~diagnostic~, total=1"}}
[debug] [2020-09-20T01:45:23.248Z] [worker-pool] submitWork(triggerId=) {"metadata":{"emulator":{"name":"functions"},"message":"[worker-pool] submitWork(triggerId=)"}}
[debug] [2020-09-20T01:45:23.248Z] [worker-~diagnostic~-ec239303-0db1-4eb1-a86e-5523f4b7cdae]: Assigning socketPath: \\?\pipe\C:\Users\isyra\Documents\react\whatsapp\whatsapp-backend\functions\12280 {"metadata":{"emulator":{"name":"functions"},"message":"[worker-~diagnostic~-ec239303-0db1-4eb1-a86e-5523f4b7cdae]: Assigning socketPath: \\\\?\\pipe\\C:\\Users\\isyra\\Documents\\react\\whatsapp\\whatsapp-backend\\functions\\12280"}}
[debug] [2020-09-20T01:45:23.248Z] [worker-~diagnostic~-ec239303-0db1-4eb1-a86e-5523f4b7cdae]: BUSY {"metadata":{"emulator":{"name":"functions"},"message":"[worker-~diagnostic~-ec239303-0db1-4eb1-a86e-5523f4b7cdae]: BUSY"}}
[debug] [2020-09-20T01:45:23.935Z] [runtime-status] [12280] Functions runtime initialized. {"cwd":"C:\\Users\\isyra\\Documents\\react\\whatsapp\\whatsapp-backend\\functions","node_version":"14.9.0"} {"metadata":{"emulator":{"name":"functions"},"message":"[runtime-status] [12280] Functions runtime initialized. {\"cwd\":\"C:\\\\Users\\\\isyra\\\\Documents\\\\react\\\\whatsapp\\\\whatsapp-backend\\\\functions\",\"node_version\":\"14.9.0\"}"}}
[debug] [2020-09-20T01:45:23.941Z] [runtime-status] [12280] Disabled runtime features: undefined {"metadata":{"emulator":{"name":"functions"},"message":"[runtime-status] [12280] Disabled runtime features: undefined"}}
[debug] [2020-09-20T01:45:23.948Z] [runtime-status] [12280] Resolved module firebase-admin {"declared":true,"installed":true,"version":"8.13.0","resolution":"C:\\Users\\isyra\\Documents\\react\\whatsapp\\whatsapp-backend\\functions\\node_modules\\firebase-admin\\lib\\index.js"} {"metadata":{"emulator":{"name":"functions"},"message":"[runtime-status] [12280] Resolved module firebase-admin {\"declared\":true,\"installed\":true,\"version\":\"8.13.0\",\"resolution\":\"C:\\\\Users\\\\isyra\\\\Documents\\\\react\\\\whatsapp\\\\whatsapp-backend\\\\functions\\\\node_modules\\\\firebase-admin\\\\lib\\\\index.js\"}"}}
[debug] [2020-09-20T01:45:23.951Z] [runtime-status] [12280] Resolved module firebase-functions {"declared":true,"installed":true,"version":"3.11.0","resolution":"C:\\Users\\isyra\\Documents\\react\\whatsapp\\whatsapp-backend\\functions\\node_modules\\firebase-functions\\lib\\index.js"} {"metadata":{"emulator":{"name":"functions"},"message":"[runtime-status] [12280] Resolved module firebase-functions {\"declared\":true,\"installed\":true,\"version\":\"3.11.0\",\"resolution\":\"C:\\\\Users\\\\isyra\\\\Documents\\\\react\\\\whatsapp\\\\whatsapp-backend\\\\functions\\\\node_modules\\\\firebase-functions\\\\lib\\\\index.js\"}"}}
[debug] [2020-09-20T01:45:23.955Z] [runtime-status] [12280] Resolved module firebase-functions {"declared":true,"installed":true,"version":"3.11.0","resolution":"C:\\Users\\isyra\\Documents\\react\\whatsapp\\whatsapp-backend\\functions\\node_modules\\firebase-functions\\lib\\index.js"} {"metadata":{"emulator":{"name":"functions"},"message":"[runtime-status] [12280] Resolved module firebase-functions {\"declared\":true,\"installed\":true,\"version\":\"3.11.0\",\"resolution\":\"C:\\\\Users\\\\isyra\\\\Documents\\\\react\\\\whatsapp\\\\whatsapp-backend\\\\functions\\\\node_modules\\\\firebase-functions\\\\lib\\\\index.js\"}"}}
[debug] [2020-09-20T01:45:23.961Z] [runtime-status] [12280] Outgoing network have been stubbed. [{"name":"http","status":"mocked"},{"name":"http","status":"mocked"},{"name":"https","status":"mocked"},{"name":"https","status":"mocked"},{"name":"net","status":"mocked"}] {"metadata":{"emulator":{"name":"functions"},"message":"[runtime-status] [12280] Outgoing network have been stubbed. [{\"name\":\"http\",\"status\":\"mocked\"},{\"name\":\"http\",\"status\":\"mocked\"},{\"name\":\"https\",\"status\":\"mocked\"},{\"name\":\"https\",\"status\":\"mocked\"},{\"name\":\"net\",\"status\":\"mocked\"}]"}}
[debug] [2020-09-20T01:45:23.963Z] [runtime-status] [12280] Resolved module firebase-functions {"declared":true,"installed":true,"version":"3.11.0","resolution":"C:\\Users\\isyra\\Documents\\react\\whatsapp\\whatsapp-backend\\functions\\node_modules\\firebase-functions\\lib\\index.js"} {"metadata":{"emulator":{"name":"functions"},"message":"[runtime-status] [12280] Resolved module firebase-functions {\"declared\":true,\"installed\":true,\"version\":\"3.11.0\",\"resolution\":\"C:\\\\Users\\\\isyra\\\\Documents\\\\react\\\\whatsapp\\\\whatsapp-backend\\\\functions\\\\node_modules\\\\firebase-functions\\\\lib\\\\index.js\"}"}}
[debug] [2020-09-20T01:45:24.179Z] [runtime-status] [12280] Checked functions.config() {"config":{}} {"metadata":{"emulator":{"name":"functions"},"message":"[runtime-status] [12280] Checked functions.config() {\"config\":{}}"}}
[debug] [2020-09-20T01:45:24.180Z] [runtime-status] [12280] firebase-functions has been stubbed. {"functionsResolution":{"declared":true,"installed":true,"version":"3.11.0","resolution":"C:\\Users\\isyra\\Documents\\react\\whatsapp\\whatsapp-backend\\functions\\node_modules\\firebase-functions\\lib\\index.js"}} {"metadata":{"emulator":{"name":"functions"},"message":"[runtime-status] [12280] firebase-functions has been stubbed. {\"functionsResolution\":{\"declared\":true,\"installed\":true,\"version\":\"3.11.0\",\"resolution\":\"C:\\\\Users\\\\isyra\\\\Documents\\\\react\\\\whatsapp\\\\whatsapp-backend\\\\functions\\\\node_modules\\\\firebase-functions\\\\lib\\\\index.js\"}}"}}
[debug] [2020-09-20T01:45:24.184Z] [runtime-status] [12280] Resolved module firebase-functions {"declared":true,"installed":true,"version":"3.11.0","resolution":"C:\\Users\\isyra\\Documents\\react\\whatsapp\\whatsapp-backend\\functions\\node_modules\\firebase-functions\\lib\\index.js"} {"metadata":{"emulator":{"name":"functions"},"message":"[runtime-status] [12280] Resolved module firebase-functions {\"declared\":true,\"installed\":true,\"version\":\"3.11.0\",\"resolution\":\"C:\\\\Users\\\\isyra\\\\Documents\\\\react\\\\whatsapp\\\\whatsapp-backend\\\\functions\\\\node_modules\\\\firebase-functions\\\\lib\\\\index.js\"}"}}
[debug] [2020-09-20T01:45:24.188Z] [runtime-status] [12280] Resolved module firebase-admin {"declared":true,"installed":true,"version":"8.13.0","resolution":"C:\\Users\\isyra\\Documents\\react\\whatsapp\\whatsapp-backend\\functions\\node_modules\\firebase-admin\\lib\\index.js"} {"metadata":{"emulator":{"name":"functions"},"message":"[runtime-status] [12280] Resolved module firebase-admin {\"declared\":true,\"installed\":true,\"version\":\"8.13.0\",\"resolution\":\"C:\\\\Users\\\\isyra\\\\Documents\\\\react\\\\whatsapp\\\\whatsapp-backend\\\\functions\\\\node_modules\\\\firebase-admin\\\\lib\\\\index.js\"}"}}
[debug] [2020-09-20T01:45:24.189Z] [runtime-status] [12280] Resolved module firebase-functions {"declared":true,"installed":true,"version":"3.11.0","resolution":"C:\\Users\\isyra\\Documents\\react\\whatsapp\\whatsapp-backend\\functions\\node_modules\\firebase-functions\\lib\\index.js"} {"metadata":{"emulator":{"name":"functions"},"message":"[runtime-status] [12280] Resolved module firebase-functions {\"declared\":true,\"installed\":true,\"version\":\"3.11.0\",\"resolution\":\"C:\\\\Users\\\\isyra\\\\Documents\\\\react\\\\whatsapp\\\\whatsapp-backend\\\\functions\\\\node_modules\\\\firebase-functions\\\\lib\\\\index.js\"}"}}
[debug] [2020-09-20T01:45:24.189Z] [runtime-status] [12280] firebase-admin has been stubbed. {"adminResolution":{"declared":true,"installed":true,"version":"8.13.0","resolution":"C:\\Users\\isyra\\Documents\\react\\whatsapp\\whatsapp-backend\\functions\\node_modules\\firebase-admin\\lib\\index.js"}} {"metadata":{"emulator":{"name":"functions"},"message":"[runtime-status] [12280] firebase-admin has been stubbed. {\"adminResolution\":{\"declared\":true,\"installed\":true,\"version\":\"8.13.0\",\"resolution\":\"C:\\\\Users\\\\isyra\\\\Documents\\\\react\\\\whatsapp\\\\whatsapp-backend\\\\functions\\\\node_modules\\\\firebase-admin\\\\lib\\\\index.js\"}}"}}
[warn] !  C:\Users\isyra\Documents\react\whatsapp\whatsapp-backend\functions\index.js:12
import express from "express";
^^^^^^

SyntaxError: Cannot use import statement outside a module
    at wrapSafe (internal/modules/cjs/loader.js:991:16)
    at Module._compile (internal/modules/cjs/loader.js:1039:27)
    at Object.Module._extensions..js (internal/modules/cjs/loader.js:1096:10)
    at Module.load (internal/modules/cjs/loader.js:940:32)
    at Function.Module._load (internal/modules/cjs/loader.js:781:14)
    at Module.require (internal/modules/cjs/loader.js:964:19)
    at require (internal/modules/cjs/helpers.js:88:18)
    at C:\Users\isyra\AppData\Roaming\npm\node_modules\firebase-tools\lib\emulator\functionsEmulatorRuntime.js:681:33
    at Generator.next (<anonymous>)
    at fulfilled (C:\Users\isyra\AppData\Roaming\npm\node_modules\firebase-tools\lib\emulator\functionsEmulatorRuntime.js:5:58) {"metadata":{"emulator":{"name":"functions"},"message":"C:\\Users\\isyra\\Documents\\react\\whatsapp\\whatsapp-backend\\functions\\index.js:12\nimport express from \"express\";\n^^^^^^\n\nSyntaxError: Cannot use import statement outside a module\n    at wrapSafe (internal/modules/cjs/loader.js:991:16)\n    at Module._compile (internal/modules/cjs/loader.js:1039:27)\n    at Object.Module._extensions..js (internal/modules/cjs/loader.js:1096:10)\n    at Module.load (internal/modules/cjs/loader.js:940:32)\n    at Function.Module._load (internal/modules/cjs/loader.js:781:14)\n    at Module.require (internal/modules/cjs/loader.js:964:19)\n    at require (internal/modules/cjs/helpers.js:88:18)\n    at C:\\Users\\isyra\\AppData\\Roaming\\npm\\node_modules\\firebase-tools\\lib\\emulator\\functionsEmulatorRuntime.js:681:33\n    at Generator.next (<anonymous>)\n    at fulfilled (C:\\Users\\isyra\\AppData\\Roaming\\npm\\node_modules\\firebase-tools\\lib\\emulator\\functionsEmulatorRuntime.js:5:58)"}}
[warn] !  We were unable to load your functions code. (see above) {"metadata":{"emulator":{"name":"functions"}}}
[debug] [2020-09-20T01:45:24.219Z] [worker-~diagnostic~-ec239303-0db1-4eb1-a86e-5523f4b7cdae]: exited {"metadata":{"emulator":{"name":"functions"},"message":"[worker-~diagnostic~-ec239303-0db1-4eb1-a86e-5523f4b7cdae]: exited"}}
[debug] [2020-09-20T01:45:24.219Z] [worker-~diagnostic~-ec239303-0db1-4eb1-a86e-5523f4b7cdae]: FINISHED {"metadata":{"emulator":{"name":"functions"},"message":"[worker-~diagnostic~-ec239303-0db1-4eb1-a86e-5523f4b7cdae]: FINISHED"}}
